<?xml version="1.0" encoding="UTF-8"?>
<testng-results ignored="0" total="1" passed="1" failed="0" skipped="0">
  <reporter-output>
  </reporter-output>
  <suite started-at="2023-08-17T17:57:25 IST" name="Surefire suite" finished-at="2023-08-17T17:57:59 IST" duration-ms="33372">
    <groups>
    </groups>
    <test started-at="2023-08-17T17:57:25 IST" name="Surefire test" finished-at="2023-08-17T17:57:59 IST" duration-ms="33372">
      <class name="driverFactory.AppTest">
        <test-method signature="kickStrat()[pri:0, instance:driverFactory.AppTest@65d09a04]" started-at="2023-08-17T17:57:25 IST" name="kickStrat" finished-at="2023-08-17T17:57:59 IST" duration-ms="33285" status="PASS">
          <reporter-output>
          </reporter-output>
        </test-method> <!-- kickStrat -->
      </class> <!-- driverFactory.AppTest -->
    </test> <!-- Surefire test -->
  </suite> <!-- Surefire suite -->
</testng-results>
